\BOOKMARK [0][-]{chapter*.2}{List of Figures}{}% 1
\BOOKMARK [0][-]{chapter*.3}{List of Tables}{}% 2
\BOOKMARK [0][-]{chapter.1}{Introduction}{}% 3
\BOOKMARK [1][-]{section.1.1}{Preliminary Considerations}{chapter.1}% 4
\BOOKMARK [1][-]{section.1.2}{Objectives}{chapter.1}% 5
\BOOKMARK [0][-]{chapter.2}{The endpoint-inflated beta-binomial distribution}{}% 6
\BOOKMARK [1][-]{section.2.1}{Binomial distribution}{chapter.2}% 7
\BOOKMARK [1][-]{section.2.2}{Beta distribution}{chapter.2}% 8
\BOOKMARK [1][-]{section.2.3}{Beta-binomial distribution}{chapter.2}% 9
\BOOKMARK [1][-]{section.2.4}{Endpoint-inflated beta-binomial distribution \(EIBB\)}{chapter.2}% 10
\BOOKMARK [0][-]{chapter.3}{The endpoint-inflated beta-binomial regression model}{}% 11
\BOOKMARK [1][-]{section.3.1}{Model definition}{chapter.3}% 12
\BOOKMARK [1][-]{section.3.2}{Bayesian Inference}{chapter.3}% 13
\BOOKMARK [1][-]{section.3.3}{Measures for model assessment}{chapter.3}% 14
\BOOKMARK [2][-]{subsection.3.3.1}{Information criteria}{section.3.3}% 15
\BOOKMARK [2][-]{subsection.3.3.2}{Bayesian 2}{section.3.3}% 16
\BOOKMARK [0][-]{chapter.4}{Simulation study}{}% 17
\BOOKMARK [1][-]{section.4.1}{Parameter grid}{chapter.4}% 18
\BOOKMARK [1][-]{section.4.2}{Results}{chapter.4}% 19
\BOOKMARK [0][-]{chapter.5}{Two applications}{}% 20
\BOOKMARK [1][-]{section.5.1}{Role preference in MSM}{chapter.5}% 21
\BOOKMARK [1][-]{section.5.2}{Vegetable consumption patterns}{chapter.5}% 22
\BOOKMARK [0][-]{chapter.6}{Conclusions}{}% 23
\BOOKMARK [0][-]{appendix.A}{Code used}{}% 24
